This is pdfTeX, Version 3.141592-1.40.4 (MiKTeX 2.7) (preloaded format=latex 2009.3.26)  26 MAR 2009 16:55
entering extended mode
**doublespace.sty
(doublespace.sty
LaTeX2e <2005/12/01>
Babel <v3.8h> and hyphenation patterns for english, dumylang, nohyphenation, ge
rman, ngerman, french, loaded.
)
*
! Emergency stop.
<*> doublespace.sty
                   
End of file on the terminal!

 
Here is how much of TeX's memory you used:
 21 strings out of 95341
 240 string characters out of 1184182
 44877 words of memory out of 1500000
 3304 multiletter control sequences out of 110000
 3640 words of font info for 14 fonts, out of 1200000 for 2000
 14 hyphenation exceptions out of 8191
 5i,0n,1p,98b,8s stack positions out of 5000i,500n,10000p,200000b,5000s
No pages of output.
