This is pdfTeX, Version 3.1415926-1.40.10 (MiKTeX 2.8 Beta 5) (preloaded format=latex 2009.9.1)  22 SEP 2009 16:00
entering extended mode
**main.tex
(K:\Thesis\adaptive-dog\thesis\main.tex
LaTeX2e <2005/12/01>
Babel <v3.8l> and hyphenation patterns for english, dumylang, nohyphenation, ge
rman, ngerman, german-x-2009-06-19, ngerman-x-2009-06-19, french, loaded.
(K:\bin\miktex\tex\latex\base\latex209.def
File: latex209.def 1998/05/13 v0.52 Standard LaTeX file


          Entering LaTeX 2.09 COMPATIBILITY MODE
 *************************************************************
    !!WARNING!!    !!WARNING!!    !!WARNING!!    !!WARNING!!   
 
 This mode attempts to provide an emulation of the LaTeX 2.09
 author environment so that OLD documents can be successfully
 processed. It should NOT be used for NEW documents!
 
 New documents should use Standard LaTeX conventions and start
 with the \documentclass command.
 
 Compatibility mode is UNLIKELY TO WORK with LaTeX 2.09 style
 files that change any internal macros, especially not with
 those that change the FONT SELECTION or OUTPUT ROUTINES.
 
 Therefore such style files MUST BE UPDATED to use
          Current Standard LaTeX: LaTeX2e.
 If you suspect that you may be using such a style file, which
 is probably very, very old by now, then you should attempt to
 get it updated by sending a copy of this error message to the
 author of that file.
 *************************************************************

\footheight=\dimen102
\@maxsep=\dimen103
\@dblmaxsep=\dimen104
\@cla=\count79
\@clb=\count80
\mscount=\count81
(K:\bin\miktex\tex\latex\base\tracefnt.sty
Package: tracefnt 1997/05/29 v3.0j Standard LaTeX package (font tracing)
\tracingfonts=\count82
LaTeX Info: Redefining \selectfont on input line 101.
)
\symbold=\mathgroup4
\symsans=\mathgroup5
\symtypewriter=\mathgroup6
\symitalic=\mathgroup7
\symsmallcaps=\mathgroup8
\symslanted=\mathgroup9
LaTeX Font Info:    Redeclaring math alphabet \mathbf on input line 293.
LaTeX Font Info:    Redeclaring math alphabet \mathsf on input line 294.
LaTeX Font Info:    Redeclaring math alphabet \mathtt on input line 295.
LaTeX Font Info:    Redeclaring math alphabet \mathit on input line 301.
LaTeX Info: Redefining \em on input line 311.

(K:\bin\miktex\tex\latex\base\latexsym.sty
Package: latexsym 1998/08/17 v2.2e Standard LaTeX package (lasy symbols)
\symlasy=\mathgroup10
LaTeX Font Info:    Overwriting symbol font `lasy' in version `bold'
(Font)                  U/lasy/m/n --> U/lasy/b/n on input line 47.
)
LaTeX Font Info:    Redeclaring math delimiter \lgroup on input line 375.
LaTeX Font Info:    Redeclaring math delimiter \rgroup on input line 377.
LaTeX Font Info:    Redeclaring math delimiter \bracevert on input line 379.
)
Compatibility mode: loading modmitthesis.sty rather than modmitthesis.cls.

(K:\Thesis\adaptive-dog\thesis\modmitthesis.sty
\vithesis=\count83

(K:\bin\miktex\tex\latex\base\report.sty
Compatibility mode: inputting `report.cls' instead of obsolete `report.sty'.

(K:\bin\miktex\tex\latex\base\report.cls
Document Class: report 2005/09/16 v1.4f Standard LaTeX document class
(K:\bin\miktex\tex\latex\base\size12.clo
File: size12.clo 2005/09/16 v1.4f Standard LaTeX file (size option)
)
\c@part=\count84
\c@chapter=\count85
\c@section=\count86
\c@subsection=\count87
\c@subsubsection=\count88
\c@paragraph=\count89
\c@subparagraph=\count90
\c@figure=\count91
\c@table=\count92
\abovecaptionskip=\skip41
\belowcaptionskip=\skip42
Compatibility mode: definition of \rm ignored.
Compatibility mode: definition of \sf ignored.
Compatibility mode: definition of \tt ignored.
Compatibility mode: definition of \bf ignored.
Compatibility mode: definition of \it ignored.
Compatibility mode: definition of \sl ignored.
Compatibility mode: definition of \sc ignored.
LaTeX Info: Redefining \cal on input line 586.
LaTeX Info: Redefining \mit on input line 587.
\bibindent=\dimen105
))
Thesis document copyright MIT unless otherwise (manually) specified
\@titlesupervisor=\box26
\@abstractsupervisor=\box27
\c@savepage=\count93
) (K:\bin\miktex\tex\latex\graphics\graphicx.sty
Package: graphicx 1999/02/16 v1.0f Enhanced LaTeX Graphics (DPC,SPQR)

(K:\bin\miktex\tex\latex\graphics\keyval.sty
Package: keyval 1999/03/16 v1.13 key=value parser (DPC)
\KV@toks@=\toks14
)
(K:\bin\miktex\tex\latex\graphics\graphics.sty
Package: graphics 2006/02/20 v1.0o Standard LaTeX Graphics (DPC,SPQR)

(K:\bin\miktex\tex\latex\graphics\trig.sty
Package: trig 1999/03/16 v1.09 sin cos tan (DPC)
)
(K:\bin\miktex\tex\latex\00miktex\graphics.cfg
File: graphics.cfg 2007/01/18 v1.5 graphics configuration of teTeX/TeXLive
)
Package graphics Info: Driver file: dvips.def on input line 90.

(K:\bin\miktex\tex\latex\graphics\dvips.def
File: dvips.def 1999/02/16 v3.0i Driver-dependant file (DPC,SPQR)
))
\Gin@req@height=\dimen106
\Gin@req@width=\dimen107
)
(K:\bin\miktex\tex\latex\pst-func\pst-func.sty
(K:\bin\miktex\tex\latex\pstricks\pstricks.sty
Package: pstricks 2008/11/26 v0.40 LaTeX wrapper for `PSTricks' (RN,HV)

(K:\bin\miktex\tex\generic\pstricks\pstricks.tex
`PSTricks' v1.29  <2009/05/19> (tvz)
\pst@dima=\dimen108
\pst@dimb=\dimen109
\pst@dimc=\dimen110
\pst@dimd=\dimen111
\pst@dimg=\dimen112
\pst@dimh=\dimen113
\pst@hbox=\box28
\pst@boxg=\box29
\pst@cnta=\count94
\pst@cntb=\count95
\pst@cntc=\count96
\pst@cntd=\count97
\pst@cntg=\count98
\pst@cnth=\count99
\pst@toks=\toks15
(K:\bin\miktex\tex\generic\pstricks\pstricks.con)
\psunit=\dimen114
\psxunit=\dimen115
\psyunit=\dimen116
\pslinewidth=\dimen117
\pst@customdefs=\toks16
\pslinearc=\dimen118
\everypsbox=\toks17
\psframesep=\dimen119
\pslabelsep=\dimen120
\pst@shift=\dimen121
\theoverlaybox=\box30
)
File: pstricks.tex 2009/05/19 v1.29 `PSTricks' (tvz,hv)

(K:\bin\miktex\tex\latex\xcolor\xcolor.sty
Package: xcolor 2007/01/21 v2.11 LaTeX color extensions (UK)

(K:\bin\miktex\tex\latex\00miktex\color.cfg
File: color.cfg 2007/01/18 v1.5 color configuration of teTeX/TeXLive
)
Package xcolor Info: Driver file: dvips.def on input line 225.
Package xcolor Info: Model `cmy' substituted by `cmy0' on input line 1337.
Package xcolor Info: Model `RGB' extended on input line 1353.
Package xcolor Info: Model `HTML' substituted by `rgb' on input line 1355.
Package xcolor Info: Model `Hsb' substituted by `hsb' on input line 1356.
Package xcolor Info: Model `tHsb' substituted by `hsb' on input line 1357.
Package xcolor Info: Model `HSB' substituted by `hsb' on input line 1358.
Package xcolor Info: Model `Gray' substituted by `gray' on input line 1359.
Package xcolor Info: Model `wave' substituted by `hsb' on input line 1360.
))
Package: pst-func 2008/03/21 package wrapper for pst-func.tex (hv)

(K:\bin\miktex\tex\generic\pst-func\pst-func.tex
(K:\bin\miktex\tex\generic\pstricks\pst-plot.tex
(K:\bin\miktex\tex\generic\multido\multido.tex  v1.41, 2004/05/18 <tvz>
\multido@count=\count100
\multidocount=\count101
\multido@stuff=\toks18
)
 v1.04, 2009/06/08) (K:\bin\miktex\tex\generic\pstricks-add\pstricks-add.tex
(K:\bin\miktex\tex\generic\pstricks\pst-node.tex  v1.01, 2008/11/26
\psrow=\count102
\pscol=\count103
\psmatrixcnt=\count104
\psrowsep=\skip43
\pscolsep=\skip44
)
(K:\bin\miktex\tex\generic\pst-3d\pst-3d.tex
(K:\bin\miktex\tex\generic\xkeyval\pst-xkey.tex
File: pst-xkey.tex 2005/11/25 v1.6 PSTricks specialization of xkeyval (HA)

(K:\bin\miktex\tex\latex\xkeyval\xkeyval.sty
Package: xkeyval 2008/08/13 v2.6a package option processing (HA)

(K:\bin\miktex\tex\generic\xkeyval\xkeyval.tex
\XKV@toks=\toks19
\XKV@tempa@toks=\toks20
\XKV@depth=\count105
File: xkeyval.tex 2008/08/13 v2.6a key=value parser (HA)
)))
`PST-3d' v1.00, 2005/09/03 (tvz))
(K:\bin\miktex\tex\generic\pstricks-add\pst-fp.tex
`pst-fp' v0.02, 2009/04/02 (hv)
\pstFP@xs=\count106
\pstFP@xia=\count107
\pstFP@xib=\count108
\pstFP@xfa=\count109
\pstFP@xfb=\count110
\pstFP@rega=\count111
\pstFP@regb=\count112
\pstFP@regs=\count113
\pstFP@times=\count114
)
(K:\bin\miktex\tex\generic\pst-math\pst-math.tex `pst-math' v0.23 , (CJ,hv))
`pstricks-add' v3.34, 2009/05/25 (dr,hv)
\pst@dimm=\dimen122
\pst@dimn=\dimen123
\pst@dimo=\dimen124
\pst@dimp=\dimen125
\pst@cntm=\count115
\pst@cntn=\count116
\pst@cnto=\count117
\pst@cntp=\count118
\@zero=\count119
\pstRadUnit=\dimen126
\pstRadUnitInv=\dimen127
\pshooklength=\dimen128
\pshookwidth=\dimen129
\@digitcounter=\count120
\psk@subticksize=\dimen130
\pst@xticksizeA=\dimen131
\pst@xticksizeB=\dimen132
\pst@xticksizeC=\dimen133
\pst@yticksizeA=\dimen134
\pst@yticksizeB=\dimen135
\pst@yticksizeC=\dimen136
\psk@llx=\dimen137
\psk@lly=\dimen138
\psk@urx=\dimen139
\psk@ury=\dimen140
\pst@xunit=\dimen141
\pst@yunit=\dimen142
\linecnt=\count121
\chart@ColorIndex=\dimen143
\chart@ColorStep=\dimen144
\pst@chartHeight=\dimen145
\pst@chartStackDepth=\dimen146
\pst@chartStackWidth=\dimen147
\chart@Toggle=\count122
)
(K:\bin\miktex\tex\generic\xkeyval\pst-xkey.tex)
`PST-func' v0.59, 2009/01/23 (hv)
\psk@zeroLineWidth=\dimen148
)
File: pst-func.tex 2009/01/23 v0.59 `PST-func' (hv)
)
(K:\bin\miktex\tex\latex\subfigure\subfigure.sty
Package: subfigure 2002/07/30 v2.1.4 subfigure package
\subfigtopskip=\skip45
\subfigcapskip=\skip46
\subfigcaptopadj=\dimen149
\subfigbottomskip=\skip47
\subfigcapmargin=\dimen150
\subfiglabelskip=\skip48
\c@subfigure=\count123
\c@lofdepth=\count124
\c@subtable=\count125
\c@lotdepth=\count126

****************************************
* Local config file subfigure.cfg used *
****************************************
(K:\bin\miktex\tex\latex\subfigure\subfigure.cfg)
\subfig@top=\skip49
\subfig@bottom=\skip50
)
(K:\bin\miktex\tex\latex\float\float.sty
Package: float 2001/11/08 v1.3d Float enhancements (AL)
\c@float@type=\count127
\float@exts=\toks21
\float@box=\box31
\@float@everytoks=\toks22
\@floatcapt=\box32
)
(K:\bin\miktex\tex\latex\ltxmisc\url.sty
\Urlmuskip=\muskip10
Package: url 2006/04/12  ver 3.3  Verb mode for urls, etc.
)
(K:\Thesis\adaptive-dog\thesis\main.aux
(K:\Thesis\adaptive-dog\thesis\cover.aux)
(K:\Thesis\adaptive-dog\thesis\thesis.aux))
LaTeX Font Info:    Checking defaults for OML/cmm/m/it on input line 18.
LaTeX Font Info:    ... okay on input line 18.
LaTeX Font Info:    Checking defaults for T1/cmr/m/n on input line 18.
LaTeX Font Info:    ... okay on input line 18.
LaTeX Font Info:    Checking defaults for OT1/cmr/m/n on input line 18.
LaTeX Font Info:    ... okay on input line 18.
LaTeX Font Info:    Checking defaults for OMS/cmsy/m/n on input line 18.
LaTeX Font Info:    ... okay on input line 18.
LaTeX Font Info:    Checking defaults for OMX/cmex/m/n on input line 18.
LaTeX Font Info:    ... okay on input line 18.
LaTeX Font Info:    Checking defaults for U/cmr/m/n on input line 18.
LaTeX Font Info:    ... okay on input line 18.

(K:\Thesis\adaptive-dog\thesis\cover.tex
LaTeX Font Info:    External font `cmex10' loaded for size
(Font)              <12> on input line 27.
LaTeX Font Info:    External font `cmex10' loaded for size
(Font)              <8> on input line 27.
LaTeX Font Info:    External font `cmex10' loaded for size
(Font)              <6> on input line 27.
LaTeX Font Info:    Try loading font information for U+lasy on input line 27.
 (K:\bin\miktex\tex\latex\base\ulasy.fd
File: ulasy.fd 1998/08/17 v2.2e LaTeX symbol font definitions
)
LaTeX Font Info:    Try loading font information for OMS+cmr on input line 27.
 (K:\bin\miktex\tex\latex\base\omscmr.fd
File: omscmr.fd 1999/05/25 v2.5h Standard LaTeX font definitions
)
LaTeX Font Info:    Font shape `OMS/cmr/m/n' in size <6> not available
(Font)              Font shape `OMS/cmsy/m/n' tried instead on input line 27.
 [1


]
(K:\Thesis\adaptive-dog\thesis\abstract.tex) [2])
(K:\Thesis\adaptive-dog\thesis\main.toc)
\tf@toc=\write3
 [3


]
(K:\Thesis\adaptive-dog\thesis\main.lof)
\tf@lof=\write4
 [4

]
(K:\Thesis\adaptive-dog\thesis\thesis.tex
Chapter 1.
[5


] [6]
Chapter 2.
[7

]
File: pictures/beach_rock_boat/image.eps Graphic file (type eps)
 <pictures/beach_rock_boat/image.eps>
File: pictures/beach_rock_boat/gaussian1.eps Graphic file (type eps)

<pictures/beach_rock_boat/gaussian1.eps>
LaTeX Font Info:    External font `cmex10' loaded for size
(Font)              <7> on input line 36.
LaTeX Font Info:    External font `cmex10' loaded for size
(Font)              <5> on input line 36.
File: pictures/beach_rock_boat/gaussian2.eps Graphic file (type eps)

<pictures/beach_rock_boat/gaussian2.eps> [8]
File: pictures/beach_rock_boat/dog.eps Graphic file (type eps)

<pictures/beach_rock_boat/dog.eps>
File: pictures/baboon/dog.eps Graphic file (type eps)
 <pictures/baboon/dog.eps> [9] [10] [11]
File: pictures/fdog_kernel.eps Graphic file (type eps)

<pictures/fdog_kernel.eps> [12]
File: pictures/window/image.eps Graphic file (type eps)
 <pictures/window/image.eps>
File: pictures/window/dog.eps Graphic file (type eps)

<pictures/window/dog.eps>
File: pictures/window/cld.eps Graphic file (type eps)
 <pictures/window/cld.eps> [13] [14]
Chapter 3.
File: pictures/texture/image.eps Graphic file (type eps)
<pictures/texture/image.eps>
File: pictures/texture/dog.eps Graphic file (type eps)
 <pictures/texture/dog.eps>
File: pictures/texture/cld.eps Graphic file (type eps)

<pictures/texture/cld.eps> [15

] [16]
Chapter 4.
[17

]
File: pictures/coffeebeans/image.eps Graphic file (type eps)
 <pictures/coffeebeans/image.eps>
File: pictures/coffeebeans/polarity.eps Graphic file (type eps)
 <pictures/coffeebeans/polarity.eps>
[18] [19]
Chapter 5.
File: pictures/shoes/image.eps Graphic file (type eps)
<pictures/shoes/image.eps>
File: pictures/shoes/adaptive.eps Graphic file (type eps)
 <pictures/shoes/adaptive.eps>
File: pictures/beach_rock_boat/image.eps Graphic file (type eps)

<pictures/beach_rock_boat/image.eps>
File: pictures/beach_rock_boat/polarity.eps Graphic file (type eps)
 <pictures/beach_rock_boat/polarity.eps>
File: pictures/beach_rock_boat/adaptive.eps Graphic file (type eps)

<pictures/beach_rock_boat/adaptive.eps> [20

]
File: pictures/boat_in_sand/image.eps Graphic file (type eps)
 <pictures/boat_in_sand/image.eps>
File: pictures/boat_in_sand/dog.eps Graphic file (type eps)

<pictures/boat_in_sand/dog.eps>
File: pictures/boat_in_sand/cld.eps Graphic file (type eps)
 <pictures/boat_in_sand/cld.eps>
File: pictures/boat_in_sand/adaptive.eps Graphic file (type eps)

<pictures/boat_in_sand/adaptive.eps> [21]
File: pictures/sand_dollar/image.eps Graphic file (type eps)
 <pictures/sand_dollar/image.eps>
File: pictures/sand_dollar/dog.eps Graphic file (type eps)

<pictures/sand_dollar/dog.eps>
File: pictures/sand_dollar/cld.eps Graphic file (type eps)
 <pictures/sand_dollar/cld.eps>
File: pictures/sand_dollar/adaptive.eps Graphic file (type eps)

<pictures/sand_dollar/adaptive.eps> [22]
File: pictures/boat_in_sf/image.eps Graphic file (type eps)
 <pictures/boat_in_sf/image.eps>
File: pictures/boat_in_sf/dog.eps Graphic file (type eps)

<pictures/boat_in_sf/dog.eps>
File: pictures/boat_in_sf/cld.eps Graphic file (type eps)
 <pictures/boat_in_sf/cld.eps>
File: pictures/boat_in_sf/adaptive.eps Graphic file (type eps)

<pictures/boat_in_sf/adaptive.eps>
File: pictures/boat_in_sf/adaptivethin.eps Graphic file (type eps)
 <pictures/boat_in_sf/adaptivethin.eps>
File: pictures/boat_in_sf/canny.eps Graphic file (type eps)

<pictures/boat_in_sf/canny.eps> [23] [24] [25]
Chapter 6.
(K:\Thesis\adaptive-dog\thesis\main.bbl [26

] [27

] [28])) [29]
(K:\Thesis\adaptive-dog\thesis\main.aux
(K:\Thesis\adaptive-dog\thesis\cover.aux)
(K:\Thesis\adaptive-dog\thesis\thesis.aux))

LaTeX Warning: Label(s) may have changed. Rerun to get cross-references right.

 ) 
Here is how much of TeX's memory you used:
 4443 strings out of 495270
 60271 string characters out of 1181476
 194304 words of memory out of 3000000
 7548 multiletter control sequences out of 15000+50000
 19816 words of font info for 72 fonts, out of 3000000 for 9000
 14 hyphenation exceptions out of 8191
 39i,9n,40p,1167b,369s stack positions out of 5000i,500n,10000p,200000b,50000s

Output written on main.dvi (29 pages, 90032 bytes).
